<?xml version="1.0" encoding="UTF-8"?>
<testsuites name="Testsuite1" time="93.062" tests="3" failures="1" errors="0">
   <testsuite name="Testsuite1" tests="3" failures="1" errors="0" time="93.062" skipped="0" timestamp="23-10-2024T23:16:02" hostname="Dell - DESKTOP-URDR705.lan" id="Test Suites/Testsuite1">
      <properties>
         <property name="deviceName" value=""/>
         <property name="devicePlatform"/>
         <property name="logFolder" value="C:\\Users\\Dell\\Katalon Studio\\Project1\\Reports\\20241023_231557\\Testsuite1\\20241023_231557"/>
         <property name="logFiles" value="C:\\Users\\Dell\\Katalon Studio\\Project1\\Reports\\20241023_231557\\Testsuite1\\20241023_231557\\execution0.log"/>
         <property name="attachments" value="C:\\Users\\Dell\\Katalon Studio\\Project1\\Reports\\20241023_231557\\Testsuite1\\20241023_231557\\1729705579028.png, C:\\Users\\Dell\\Katalon Studio\\Project1\\Reports\\20241023_231557\\Testsuite1\\20241023_231557\\1729705586975.png, C:\\Users\\Dell\\Katalon Studio\\Project1\\Reports\\20241023_231557\\Testsuite1\\20241023_231557\\1729705611052.png, C:\\Users\\Dell\\Katalon Studio\\Project1\\Reports\\20241023_231557\\Testsuite1\\20241023_231557\\1729705654637.png"/>
         <property name="hostName" value="Dell - DESKTOP-URDR705.lan"/>
         <property name="os" value="Windows 11 64bit"/>
         <property name="katalonVersion" value="9.7.2.223"/>
         <property name="browser" value="Chrome 129.0.0.0"/>
         <property name="hostAddress" value="192.168.31.250"/>
         <property name="sessionId" value="60ccf21c491bc8830f4f33656d3bd6aa"/>
         <property name="seleniumVersion" value="3.141.59"/>
         <property name="proxyInformation" value="ProxyInformation { proxyOption=NO_PROXY, proxyServerType=HTTP, username=, password=********, proxyServerAddress=, proxyServerPort=0, executionList=&quot;&quot;, isApplyToDesiredCapabilities=true }"/>
         <property name="platform" value="Windows 11"/>
      </properties>
      <testcase name="Test Cases/Airportview" time="48.371" classname="Test Cases/Airportview" status="PASSED">
         <system-out><![CDATA[23-10-2024T23:16:02 - [TEST_CASE][PASSED] - Test Cases/Airportview: Test Cases/Airportview

23-10-2024T23:16:02 - [TEST_STEP][PASSED] - Keywords1.openBrowserAndNavigateToURL(URL): Taking screenshot successfully

23-10-2024T23:16:03 - [MESSAGE][INFO] - Starting 'Chrome' driver

23-10-2024T23:16:03 - [MESSAGE][INFO] - Action delay is set to 0 milliseconds

23-10-2024T23:16:04 - [MESSAGE][PASSED] - Browser is opened with url: ''

23-10-2024T23:16:04 - [MESSAGE][PASSED] - Current window maximized

23-10-2024T23:16:16 - [MESSAGE][PASSED] - Navigate to 'https://www.radarbox.com' successfully

23-10-2024T23:16:18 - [MESSAGE][PASSED] - Delayed 2 second(s)

23-10-2024T23:16:19 - [MESSAGE][PASSED] - Taking screenshot successfully
[[ATTACHMENT|C:\\Users\\Dell\\Katalon Studio\\Project1\\Reports\\20241023_231557\\Testsuite1\\20241023_231557\\1729705579028.png]]

23-10-2024T23:16:19 - [TEST_STEP][PASSED] - Keywords1.landOnAirportview(): Scroll to object 'Object Repository/New Folder (2)/Page_Airport View - AirNav RadarBox - Globa_0ad097/input_Name_full_name' successfully

23-10-2024T23:16:19 - [MESSAGE][PASSED] - Object: 'Object Repository/New Folder (4)/Page_AirNav RadarBox - Live Flight Tracker _6aae32/svg' is clicked on

23-10-2024T23:16:19 - [MESSAGE][PASSED] - Object: 'Object Repository/New Folder (4)/Page_AirNav RadarBox - Live Flight Tracker _6aae32/span_Solutions' is clicked on

23-10-2024T23:16:20 - [MESSAGE][PASSED] - Object: 'Object Repository/New Folder (4)/Page_AirNav RadarBox - Live Flight Tracker _6aae32/span_Flight Tracking' is clicked on

23-10-2024T23:16:24 - [MESSAGE][PASSED] - Object: 'Object Repository/New Folder (4)/Page_AirNav RadarBox - Live Flight Tracker _6aae32/a_Airport View' is clicked on

23-10-2024T23:16:26 - [MESSAGE][PASSED] - Delayed 2 second(s)

23-10-2024T23:16:27 - [MESSAGE][PASSED] - Taking screenshot successfully
[[ATTACHMENT|C:\\Users\\Dell\\Katalon Studio\\Project1\\Reports\\20241023_231557\\Testsuite1\\20241023_231557\\1729705586975.png]]

23-10-2024T23:16:42 - [MESSAGE][PASSED] - Delayed 15 second(s)

23-10-2024T23:16:42 - [MESSAGE][WARNING] - Timeout '0' is invalid. Using default page load timeout: '30'

23-10-2024T23:16:42 - [MESSAGE][PASSED] - Scroll to object 'Object Repository/New Folder (2)/Page_Airport View - AirNav RadarBox - Globa_0ad097/input_Name_full_name' successfully

23-10-2024T23:16:42 - [TEST_STEP][PASSED] - Keywords1.enterDetails(user, email): Taking screenshot successfully

23-10-2024T23:16:47 - [MESSAGE][PASSED] - Delayed 5 second(s)

23-10-2024T23:16:48 - [MESSAGE][PASSED] - Text 'Name' is set on object 'Object Repository/New Folder (2)/Page_Airport View - AirNav RadarBox - Globa_0ad097/input_Name_full_name'

23-10-2024T23:16:48 - [MESSAGE][PASSED] - Text 'Email' is set on object 'Object Repository/New Folder (2)/Page_Airport View - AirNav RadarBox - Globa_0ad097/input_Email_email'

23-10-2024T23:16:50 - [MESSAGE][PASSED] - Delayed 2 second(s)

23-10-2024T23:16:51 - [MESSAGE][PASSED] - Taking screenshot successfully
[[ATTACHMENT|C:\\Users\\Dell\\Katalon Studio\\Project1\\Reports\\20241023_231557\\Testsuite1\\20241023_231557\\1729705611052.png]]]]></system-out>
         <system-err><![CDATA[]]></system-err>
      </testcase>
      <testcase name="Test Cases/Ranking" time="43.792" classname="Test Cases/Ranking" status="PASSED">
         <system-out><![CDATA[23-10-2024T23:16:51 - [TEST_CASE][PASSED] - Test Cases/Ranking: Test Cases/Ranking

23-10-2024T23:16:51 - [TEST_STEP][PASSED] - openBrowser(""): Browser is opened with url: ''

23-10-2024T23:16:51 - [MESSAGE][WARNING] - A browser is already opened. Closing browser and opening a new one

23-10-2024T23:16:51 - [MESSAGE][INFO] - Starting 'Chrome' driver

23-10-2024T23:16:51 - [MESSAGE][INFO] - Action delay is set to 0 milliseconds

23-10-2024T23:16:52 - [MESSAGE][PASSED] - Browser is opened with url: ''

23-10-2024T23:16:52 - [TEST_STEP][PASSED] - maximizeWindow(): Current window maximized

23-10-2024T23:16:52 - [MESSAGE][PASSED] - Current window maximized

23-10-2024T23:16:52 - [TEST_STEP][PASSED] - navigateToUrl("https://www.radarbox.com/"): Navigate to 'https://www.radarbox.com/' successfully

23-10-2024T23:16:55 - [MESSAGE][PASSED] - Navigate to 'https://www.radarbox.com/' successfully

23-10-2024T23:16:55 - [TEST_STEP][PASSED] - click(findTestObject("Object Repository/New Folder/Page_AirNav RadarBox - Live Flight Tracker _6aae32/path")): Object: 'Object Repository/New Folder/Page_AirNav RadarBox - Live Flight Tracker _6aae32/path' is clicked on

23-10-2024T23:17:26 - [MESSAGE][INFO] - Unable to find the element located by 'By.xpath: '. Please recheck the objects properties to make sure the desired element is located. 

23-10-2024T23:17:26 - [MESSAGE][WARNING] - [SELF-HEALING] Failed to find element with id 'Object Repository/New Folder/Page_AirNav RadarBox - Live Flight Tracker _6aae32/path'. Try using Self-healing.

23-10-2024T23:17:27 - [MESSAGE][INFO] - [SELF-HEALING] No working XPath is found.

23-10-2024T23:17:27 - [MESSAGE][INFO] - [SELF-HEALING] Screenshot: C:/Users/Dell/Katalon Studio/Project1/Reports/Self-healing/Object Repository/New Folder/Page_AirNav RadarBox - Live Flight Tracker _6aae32/path_SMART_LOCATOR.png

23-10-2024T23:17:27 - [MESSAGE][WARNING] - [SELF-HEALING] The current locator of test object 'Object Repository/New Folder/Page_AirNav RadarBox - Live Flight Tracker _6aae32/path' was broken. Propose an alternative one: '#splash-close-container path'.

23-10-2024T23:17:27 - [MESSAGE][PASSED] - Object: 'Object Repository/New Folder/Page_AirNav RadarBox - Live Flight Tracker _6aae32/path' is clicked on

23-10-2024T23:17:27 - [TEST_STEP][PASSED] - click(findTestObject("Object Repository/New Folder/Page_AirNav RadarBox - Live Flight Tracker _6aae32/span_Coverage")): Object: 'Object Repository/New Folder/Page_AirNav RadarBox - Live Flight Tracker _6aae32/span_Coverage' is clicked on

23-10-2024T23:17:28 - [MESSAGE][PASSED] - Object: 'Object Repository/New Folder/Page_AirNav RadarBox - Live Flight Tracker _6aae32/span_Coverage' is clicked on

23-10-2024T23:17:28 - [TEST_STEP][PASSED] - click(findTestObject("Object Repository/New Folder/Page_AirNav RadarBox - Live Flight Tracker _6aae32/a_Global Ranking")): Object: 'Object Repository/New Folder/Page_AirNav RadarBox - Live Flight Tracker _6aae32/a_Global Ranking' is clicked on

23-10-2024T23:17:33 - [MESSAGE][PASSED] - Object: 'Object Repository/New Folder/Page_AirNav RadarBox - Live Flight Tracker _6aae32/a_Global Ranking' is clicked on

23-10-2024T23:17:33 - [TEST_STEP][PASSED] - takeScreenshot(): Taking screenshot successfully

23-10-2024T23:17:34 - [MESSAGE][PASSED] - Taking screenshot successfully
[[ATTACHMENT|C:\\Users\\Dell\\Katalon Studio\\Project1\\Reports\\20241023_231557\\Testsuite1\\20241023_231557\\1729705654637.png]]

23-10-2024T23:17:34 - [TEST_STEP][PASSED] - closeBrowser(): Browser is closed

23-10-2024T23:17:34 - [MESSAGE][PASSED] - Browser is closed]]></system-out>
         <system-err><![CDATA[]]></system-err>
      </testcase>
      <testcase name="Test Cases/BDD" time="0.78" classname="Test Cases/BDD" status="FAILED">
         <failure type="FAILED" message="Test Cases/BDD FAILED.&#xa;Reason:&#xa;com.kms.katalon.core.exception.StepFailedException: Keyword runFeatureFile was failed (Root cause: java.lang.SecurityException: class &quot;module-info&quot;'s signer information does not match signer information of other classes in the same package&#xa;	at cucumber.runtime.io.ResourceLoaderClassFinder.loadClass(ResourceLoaderClassFinder.java:42)&#xa;	at cucumber.runtime.io.ResourceLoaderClassFinder.getDescendants(ResourceLoaderClassFinder.java:32)&#xa;	at cucumber.runtime.Reflections.instantiateSubclasses(Reflections.java:33)&#xa;	at cucumber.runtime.Reflections.instantiateExactlyOneSubclass(Reflections.java:17)&#xa;	at cucumber.runtime.Runtime.loadBackends(Runtime.java:86)&#xa;	at cucumber.runtime.Runtime.&lt;init>(Runtime.java:42)&#xa;	at cucumber.api.cli.Main.run(Main.java:34)&#xa;	at cucumber.api.cli.Main$run.call(Unknown Source)&#xa;	at com.kms.katalon.core.cucumber.keyword.CucumberBuiltinKeywords$_runFeatureFile_closure1.doCall(CucumberBuiltinKeywords.groovy:110)&#xa;	at com.kms.katalon.core.cucumber.keyword.CucumberBuiltinKeywords$_runFeatureFile_closure1.doCall(CucumberBuiltinKeywords.groovy)&#xa;	at java.base/jdk.internal.reflect.NativeMethodAccessorImpl.invoke0(Native Method)&#xa;	at java.base/jdk.internal.reflect.NativeMethodAccessorImpl.invoke(NativeMethodAccessorImpl.java:77)&#xa;	at java.base/jdk.internal.reflect.DelegatingMethodAccessorImpl.invoke(DelegatingMethodAccessorImpl.java:43)&#xa;	at com.kms.katalon.core.keyword.internal.KeywordMain.runKeyword(KeywordMain.groovy:75)&#xa;	at com.kms.katalon.core.keyword.internal.KeywordMain.runKeyword(KeywordMain.groovy:69)&#xa;	at com.kms.katalon.core.keyword.internal.KeywordMain$runKeyword.call(Unknown Source)&#xa;	at com.kms.katalon.core.cucumber.keyword.CucumberBuiltinKeywords.runFeatureFile(CucumberBuiltinKeywords.groovy:77)&#xa;	at com.kms.katalon.core.cucumber.keyword.CucumberBuiltinKeywords$runFeatureFile.callStatic(Unknown Source)&#xa;	at com.kms.katalon.core.cucumber.keyword.CucumberBuiltinKeywords.runFeatureFile(CucumberBuiltinKeywords.groovy:256)&#xa;	at BDD.run(BDD:22)&#xa;	at com.kms.katalon.core.main.ScriptEngine.run(ScriptEngine.java:194)&#xa;	at com.kms.katalon.core.main.ScriptEngine.runScriptAsRawText(ScriptEngine.java:119)&#xa;	at com.kms.katalon.core.main.TestCaseExecutor.runScript(TestCaseExecutor.java:448)&#xa;	at com.kms.katalon.core.main.TestCaseExecutor.doExecute(TestCaseExecutor.java:439)&#xa;	at com.kms.katalon.core.main.TestCaseExecutor.processExecutionPhase(TestCaseExecutor.java:418)&#xa;	at com.kms.katalon.core.main.TestCaseExecutor.accessMainPhase(TestCaseExecutor.java:410)&#xa;	at com.kms.katalon.core.main.TestCaseExecutor.execute(TestCaseExecutor.java:285)&#xa;	at com.kms.katalon.core.common.CommonExecutor.accessTestCaseMainPhase(CommonExecutor.java:65)&#xa;	at com.kms.katalon.core.main.TestSuiteExecutor.accessTestSuiteMainPhase(TestSuiteExecutor.java:150)&#xa;	at com.kms.katalon.core.main.TestSuiteExecutor.execute(TestSuiteExecutor.java:106)&#xa;	at com.kms.katalon.core.main.TestCaseMain.startTestSuite(TestCaseMain.java:180)&#xa;	at TempTestSuite1729705557257.run(TempTestSuite1729705557257.groovy:35)&#xa;	at java.base/jdk.internal.reflect.NativeMethodAccessorImpl.invoke0(Native Method)&#xa;	at java.base/jdk.internal.reflect.NativeMethodAccessorImpl.invoke(NativeMethodAccessorImpl.java:77)&#xa;	at java.base/jdk.internal.reflect.DelegatingMethodAccessorImpl.invoke(DelegatingMethodAccessorImpl.java:43)&#xa;)&#xa;	at com.kms.katalon.core.keyword.internal.KeywordMain.stepFailed(KeywordMain.groovy:51)&#xa;	at com.kms.katalon.core.keyword.internal.KeywordMain.stepFailed(KeywordMain.groovy)&#xa;	at com.kms.katalon.core.keyword.internal.KeywordMain.runKeyword(KeywordMain.groovy:77)&#xa;	at com.kms.katalon.core.keyword.internal.KeywordMain.runKeyword(KeywordMain.groovy:69)&#xa;	at com.kms.katalon.core.keyword.internal.KeywordMain$runKeyword.call(Unknown Source)&#xa;	at com.kms.katalon.core.cucumber.keyword.CucumberBuiltinKeywords.runFeatureFile(CucumberBuiltinKeywords.groovy:77)&#xa;	at com.kms.katalon.core.cucumber.keyword.CucumberBuiltinKeywords$runFeatureFile.callStatic(Unknown Source)&#xa;	at com.kms.katalon.core.cucumber.keyword.CucumberBuiltinKeywords.runFeatureFile(CucumberBuiltinKeywords.groovy:256)&#xa;	at BDD.run(BDD:22)&#xa;	at com.kms.katalon.core.main.ScriptEngine.run(ScriptEngine.java:194)&#xa;	at com.kms.katalon.core.main.ScriptEngine.runScriptAsRawText(ScriptEngine.java:119)&#xa;	at com.kms.katalon.core.main.TestCaseExecutor.runScript(TestCaseExecutor.java:448)&#xa;	at com.kms.katalon.core.main.TestCaseExecutor.doExecute(TestCaseExecutor.java:439)&#xa;	at com.kms.katalon.core.main.TestCaseExecutor.processExecutionPhase(TestCaseExecutor.java:418)&#xa;	at com.kms.katalon.core.main.TestCaseExecutor.accessMainPhase(TestCaseExecutor.java:410)&#xa;	at com.kms.katalon.core.main.TestCaseExecutor.execute(TestCaseExecutor.java:285)&#xa;	at com.kms.katalon.core.common.CommonExecutor.accessTestCaseMainPhase(CommonExecutor.java:65)&#xa;	at com.kms.katalon.core.main.TestSuiteExecutor.accessTestSuiteMainPhase(TestSuiteExecutor.java:150)&#xa;	at com.kms.katalon.core.main.TestSuiteExecutor.execute(TestSuiteExecutor.java:106)&#xa;	at com.kms.katalon.core.main.TestCaseMain.startTestSuite(TestCaseMain.java:180)&#xa;	at TempTestSuite1729705557257.run(TempTestSuite1729705557257.groovy:35)&#xa;	at java.base/jdk.internal.reflect.NativeMethodAccessorImpl.invoke0(Native Method)&#xa;	at java.base/jdk.internal.reflect.NativeMethodAccessorImpl.invoke(NativeMethodAccessorImpl.java:77)&#xa;	at java.base/jdk.internal.reflect.DelegatingMethodAccessorImpl.invoke(DelegatingMethodAccessorImpl.java:43)&#xa;Caused by: java.lang.SecurityException: class &quot;module-info&quot;'s signer information does not match signer information of other classes in the same package&#xa;	at cucumber.runtime.io.ResourceLoaderClassFinder.loadClass(ResourceLoaderClassFinder.java:42)&#xa;	at cucumber.runtime.io.ResourceLoaderClassFinder.getDescendants(ResourceLoaderClassFinder.java:32)&#xa;	at cucumber.runtime.Reflections.instantiateSubclasses(Reflections.java:33)&#xa;	at cucumber.runtime.Reflections.instantiateExactlyOneSubclass(Reflections.java:17)&#xa;	at cucumber.runtime.Runtime.loadBackends(Runtime.java:86)&#xa;	at cucumber.runtime.Runtime.&lt;init>(Runtime.java:42)&#xa;	at cucumber.api.cli.Main.run(Main.java:34)&#xa;	at cucumber.api.cli.Main$run.call(Unknown Source)&#xa;	at com.kms.katalon.core.cucumber.keyword.CucumberBuiltinKeywords$_runFeatureFile_closure1.doCall(CucumberBuiltinKeywords.groovy:110)&#xa;	at com.kms.katalon.core.cucumber.keyword.CucumberBuiltinKeywords$_runFeatureFile_closure1.doCall(CucumberBuiltinKeywords.groovy)&#xa;	at java.base/jdk.internal.reflect.NativeMethodAccessorImpl.invoke0(Native Method)&#xa;	at java.base/jdk.internal.reflect.NativeMethodAccessorImpl.invoke(NativeMethodAccessorImpl.java:77)&#xa;	at java.base/jdk.internal.reflect.DelegatingMethodAccessorImpl.invoke(DelegatingMethodAccessorImpl.java:43)&#xa;	at com.kms.katalon.core.keyword.internal.KeywordMain.runKeyword(KeywordMain.groovy:75)&#xa;	... 21 more&#xa;"/>
         <system-out><![CDATA[23-10-2024T23:17:34 - [TEST_CASE][FAILED] - Test Cases/BDD: Test Cases/BDD FAILED.
Reason:
com.kms.katalon.core.exception.StepFailedException: Keyword runFeatureFile was failed (Root cause: java.lang.SecurityException: class "module-info"'s signer information does not match signer information of other classes in the same package
	at cucumber.runtime.io.ResourceLoaderClassFinder.loadClass(ResourceLoaderClassFinder.java:42)
	at cucumber.runtime.io.ResourceLoaderClassFinder.getDescendants(ResourceLoaderClassFinder.java:32)
	at cucumber.runtime.Reflections.instantiateSubclasses(Reflections.java:33)
	at cucumber.runtime.Reflections.instantiateExactlyOneSubclass(Reflections.java:17)
	at cucumber.runtime.Runtime.loadBackends(Runtime.java:86)
	at cucumber.runtime.Runtime.<init>(Runtime.java:42)
	at cucumber.api.cli.Main.run(Main.java:34)
	at cucumber.api.cli.Main$run.call(Unknown Source)
	at com.kms.katalon.core.cucumber.keyword.CucumberBuiltinKeywords$_runFeatureFile_closure1.doCall(CucumberBuiltinKeywords.groovy:110)
	at com.kms.katalon.core.cucumber.keyword.CucumberBuiltinKeywords$_runFeatureFile_closure1.doCall(CucumberBuiltinKeywords.groovy)
	at java.base/jdk.internal.reflect.NativeMethodAccessorImpl.invoke0(Native Method)
	at java.base/jdk.internal.reflect.NativeMethodAccessorImpl.invoke(NativeMethodAccessorImpl.java:77)
	at java.base/jdk.internal.reflect.DelegatingMethodAccessorImpl.invoke(DelegatingMethodAccessorImpl.java:43)
	at com.kms.katalon.core.keyword.internal.KeywordMain.runKeyword(KeywordMain.groovy:75)
	at com.kms.katalon.core.keyword.internal.KeywordMain.runKeyword(KeywordMain.groovy:69)
	at com.kms.katalon.core.keyword.internal.KeywordMain$runKeyword.call(Unknown Source)
	at com.kms.katalon.core.cucumber.keyword.CucumberBuiltinKeywords.runFeatureFile(CucumberBuiltinKeywords.groovy:77)
	at com.kms.katalon.core.cucumber.keyword.CucumberBuiltinKeywords$runFeatureFile.callStatic(Unknown Source)
	at com.kms.katalon.core.cucumber.keyword.CucumberBuiltinKeywords.runFeatureFile(CucumberBuiltinKeywords.groovy:256)
	at BDD.run(BDD:22)
	at com.kms.katalon.core.main.ScriptEngine.run(ScriptEngine.java:194)
	at com.kms.katalon.core.main.ScriptEngine.runScriptAsRawText(ScriptEngine.java:119)
	at com.kms.katalon.core.main.TestCaseExecutor.runScript(TestCaseExecutor.java:448)
	at com.kms.katalon.core.main.TestCaseExecutor.doExecute(TestCaseExecutor.java:439)
	at com.kms.katalon.core.main.TestCaseExecutor.processExecutionPhase(TestCaseExecutor.java:418)
	at com.kms.katalon.core.main.TestCaseExecutor.accessMainPhase(TestCaseExecutor.java:410)
	at com.kms.katalon.core.main.TestCaseExecutor.execute(TestCaseExecutor.java:285)
	at com.kms.katalon.core.common.CommonExecutor.accessTestCaseMainPhase(CommonExecutor.java:65)
	at com.kms.katalon.core.main.TestSuiteExecutor.accessTestSuiteMainPhase(TestSuiteExecutor.java:150)
	at com.kms.katalon.core.main.TestSuiteExecutor.execute(TestSuiteExecutor.java:106)
	at com.kms.katalon.core.main.TestCaseMain.startTestSuite(TestCaseMain.java:180)
	at TempTestSuite1729705557257.run(TempTestSuite1729705557257.groovy:35)
	at java.base/jdk.internal.reflect.NativeMethodAccessorImpl.invoke0(Native Method)
	at java.base/jdk.internal.reflect.NativeMethodAccessorImpl.invoke(NativeMethodAccessorImpl.java:77)
	at java.base/jdk.internal.reflect.DelegatingMethodAccessorImpl.invoke(DelegatingMethodAccessorImpl.java:43)
)
	at com.kms.katalon.core.keyword.internal.KeywordMain.stepFailed(KeywordMain.groovy:51)
	at com.kms.katalon.core.keyword.internal.KeywordMain.stepFailed(KeywordMain.groovy)
	at com.kms.katalon.core.keyword.internal.KeywordMain.runKeyword(KeywordMain.groovy:77)
	at com.kms.katalon.core.keyword.internal.KeywordMain.runKeyword(KeywordMain.groovy:69)
	at com.kms.katalon.core.keyword.internal.KeywordMain$runKeyword.call(Unknown Source)
	at com.kms.katalon.core.cucumber.keyword.CucumberBuiltinKeywords.runFeatureFile(CucumberBuiltinKeywords.groovy:77)
	at com.kms.katalon.core.cucumber.keyword.CucumberBuiltinKeywords$runFeatureFile.callStatic(Unknown Source)
	at com.kms.katalon.core.cucumber.keyword.CucumberBuiltinKeywords.runFeatureFile(CucumberBuiltinKeywords.groovy:256)
	at BDD.run(BDD:22)
	at com.kms.katalon.core.main.ScriptEngine.run(ScriptEngine.java:194)
	at com.kms.katalon.core.main.ScriptEngine.runScriptAsRawText(ScriptEngine.java:119)
	at com.kms.katalon.core.main.TestCaseExecutor.runScript(TestCaseExecutor.java:448)
	at com.kms.katalon.core.main.TestCaseExecutor.doExecute(TestCaseExecutor.java:439)
	at com.kms.katalon.core.main.TestCaseExecutor.processExecutionPhase(TestCaseExecutor.java:418)
	at com.kms.katalon.core.main.TestCaseExecutor.accessMainPhase(TestCaseExecutor.java:410)
	at com.kms.katalon.core.main.TestCaseExecutor.execute(TestCaseExecutor.java:285)
	at com.kms.katalon.core.common.CommonExecutor.accessTestCaseMainPhase(CommonExecutor.java:65)
	at com.kms.katalon.core.main.TestSuiteExecutor.accessTestSuiteMainPhase(TestSuiteExecutor.java:150)
	at com.kms.katalon.core.main.TestSuiteExecutor.execute(TestSuiteExecutor.java:106)
	at com.kms.katalon.core.main.TestCaseMain.startTestSuite(TestCaseMain.java:180)
	at TempTestSuite1729705557257.run(TempTestSuite1729705557257.groovy:35)
	at java.base/jdk.internal.reflect.NativeMethodAccessorImpl.invoke0(Native Method)
	at java.base/jdk.internal.reflect.NativeMethodAccessorImpl.invoke(NativeMethodAccessorImpl.java:77)
	at java.base/jdk.internal.reflect.DelegatingMethodAccessorImpl.invoke(DelegatingMethodAccessorImpl.java:43)
Caused by: java.lang.SecurityException: class "module-info"'s signer information does not match signer information of other classes in the same package
	at cucumber.runtime.io.ResourceLoaderClassFinder.loadClass(ResourceLoaderClassFinder.java:42)
	at cucumber.runtime.io.ResourceLoaderClassFinder.getDescendants(ResourceLoaderClassFinder.java:32)
	at cucumber.runtime.Reflections.instantiateSubclasses(Reflections.java:33)
	at cucumber.runtime.Reflections.instantiateExactlyOneSubclass(Reflections.java:17)
	at cucumber.runtime.Runtime.loadBackends(Runtime.java:86)
	at cucumber.runtime.Runtime.<init>(Runtime.java:42)
	at cucumber.api.cli.Main.run(Main.java:34)
	at cucumber.api.cli.Main$run.call(Unknown Source)
	at com.kms.katalon.core.cucumber.keyword.CucumberBuiltinKeywords$_runFeatureFile_closure1.doCall(CucumberBuiltinKeywords.groovy:110)
	at com.kms.katalon.core.cucumber.keyword.CucumberBuiltinKeywords$_runFeatureFile_closure1.doCall(CucumberBuiltinKeywords.groovy)
	at java.base/jdk.internal.reflect.NativeMethodAccessorImpl.invoke0(Native Method)
	at java.base/jdk.internal.reflect.NativeMethodAccessorImpl.invoke(NativeMethodAccessorImpl.java:77)
	at java.base/jdk.internal.reflect.DelegatingMethodAccessorImpl.invoke(DelegatingMethodAccessorImpl.java:43)
	at com.kms.katalon.core.keyword.internal.KeywordMain.runKeyword(KeywordMain.groovy:75)
	... 21 more


23-10-2024T23:17:34 - [TEST_STEP][FAILED] - runFeatureFile("Include/features/FeatureFile.feature"): Keyword runFeatureFile was failed (Root cause: java.lang.SecurityException: class "module-info"'s signer information does not match signer information of other classes in the same package
	at cucumber.runtime.io.ResourceLoaderClassFinder.loadClass(ResourceLoaderClassFinder.java:42)
	at cucumber.runtime.io.ResourceLoaderClassFinder.getDescendants(ResourceLoaderClassFinder.java:32)
	at cucumber.runtime.Reflections.instantiateSubclasses(Reflections.java:33)
	at cucumber.runtime.Reflections.instantiateExactlyOneSubclass(Reflections.java:17)
	at cucumber.runtime.Runtime.loadBackends(Runtime.java:86)
	at cucumber.runtime.Runtime.<init>(Runtime.java:42)
	at cucumber.api.cli.Main.run(Main.java:34)
	at cucumber.api.cli.Main$run.call(Unknown Source)
	at com.kms.katalon.core.cucumber.keyword.CucumberBuiltinKeywords$_runFeatureFile_closure1.doCall(CucumberBuiltinKeywords.groovy:110)
	at com.kms.katalon.core.cucumber.keyword.CucumberBuiltinKeywords$_runFeatureFile_closure1.doCall(CucumberBuiltinKeywords.groovy)
	at java.base/jdk.internal.reflect.NativeMethodAccessorImpl.invoke0(Native Method)
	at java.base/jdk.internal.reflect.NativeMethodAccessorImpl.invoke(NativeMethodAccessorImpl.java:77)
	at java.base/jdk.internal.reflect.DelegatingMethodAccessorImpl.invoke(DelegatingMethodAccessorImpl.java:43)
	at com.kms.katalon.core.keyword.internal.KeywordMain.runKeyword(KeywordMain.groovy:75)
	at com.kms.katalon.core.keyword.internal.KeywordMain.runKeyword(KeywordMain.groovy:69)
	at com.kms.katalon.core.keyword.internal.KeywordMain$runKeyword.call(Unknown Source)
	at com.kms.katalon.core.cucumber.keyword.CucumberBuiltinKeywords.runFeatureFile(CucumberBuiltinKeywords.groovy:77)
	at com.kms.katalon.core.cucumber.keyword.CucumberBuiltinKeywords$runFeatureFile.callStatic(Unknown Source)
	at com.kms.katalon.core.cucumber.keyword.CucumberBuiltinKeywords.runFeatureFile(CucumberBuiltinKeywords.groovy:256)
	at BDD.run(BDD:22)
	at com.kms.katalon.core.main.ScriptEngine.run(ScriptEngine.java:194)
	at com.kms.katalon.core.main.ScriptEngine.runScriptAsRawText(ScriptEngine.java:119)
	at com.kms.katalon.core.main.TestCaseExecutor.runScript(TestCaseExecutor.java:448)
	at com.kms.katalon.core.main.TestCaseExecutor.doExecute(TestCaseExecutor.java:439)
	at com.kms.katalon.core.main.TestCaseExecutor.processExecutionPhase(TestCaseExecutor.java:418)
	at com.kms.katalon.core.main.TestCaseExecutor.accessMainPhase(TestCaseExecutor.java:410)
	at com.kms.katalon.core.main.TestCaseExecutor.execute(TestCaseExecutor.java:285)
	at com.kms.katalon.core.common.CommonExecutor.accessTestCaseMainPhase(CommonExecutor.java:65)
	at com.kms.katalon.core.main.TestSuiteExecutor.accessTestSuiteMainPhase(TestSuiteExecutor.java:150)
	at com.kms.katalon.core.main.TestSuiteExecutor.execute(TestSuiteExecutor.java:106)
	at com.kms.katalon.core.main.TestCaseMain.startTestSuite(TestCaseMain.java:180)
	at TempTestSuite1729705557257.run(TempTestSuite1729705557257.groovy:35)
	at java.base/jdk.internal.reflect.NativeMethodAccessorImpl.invoke0(Native Method)
	at java.base/jdk.internal.reflect.NativeMethodAccessorImpl.invoke(NativeMethodAccessorImpl.java:77)
	at java.base/jdk.internal.reflect.DelegatingMethodAccessorImpl.invoke(DelegatingMethodAccessorImpl.java:43)
)

23-10-2024T23:17:35 - [MESSAGE][INFO] - Starting run keyword runFeatureFile: 'Include/features/FeatureFile.feature' and extract report to folder: 'C:\Users\Dell\Katalon Studio\Project1\Reports\20241023_231557\Testsuite1\20241023_231557/cucumber_report/1729705655021'...

23-10-2024T23:17:35 - [MESSAGE][FAILED] - Keyword runFeatureFile was failed (Root cause: java.lang.SecurityException: class "module-info"'s signer information does not match signer information of other classes in the same package
	at cucumber.runtime.io.ResourceLoaderClassFinder.loadClass(ResourceLoaderClassFinder.java:42)
	at cucumber.runtime.io.ResourceLoaderClassFinder.getDescendants(ResourceLoaderClassFinder.java:32)
	at cucumber.runtime.Reflections.instantiateSubclasses(Reflections.java:33)
	at cucumber.runtime.Reflections.instantiateExactlyOneSubclass(Reflections.java:17)
	at cucumber.runtime.Runtime.loadBackends(Runtime.java:86)
	at cucumber.runtime.Runtime.<init>(Runtime.java:42)
	at cucumber.api.cli.Main.run(Main.java:34)
	at cucumber.api.cli.Main$run.call(Unknown Source)
	at com.kms.katalon.core.cucumber.keyword.CucumberBuiltinKeywords$_runFeatureFile_closure1.doCall(CucumberBuiltinKeywords.groovy:110)
	at com.kms.katalon.core.cucumber.keyword.CucumberBuiltinKeywords$_runFeatureFile_closure1.doCall(CucumberBuiltinKeywords.groovy)
	at java.base/jdk.internal.reflect.NativeMethodAccessorImpl.invoke0(Native Method)
	at java.base/jdk.internal.reflect.NativeMethodAccessorImpl.invoke(NativeMethodAccessorImpl.java:77)
	at java.base/jdk.internal.reflect.DelegatingMethodAccessorImpl.invoke(DelegatingMethodAccessorImpl.java:43)
	at com.kms.katalon.core.keyword.internal.KeywordMain.runKeyword(KeywordMain.groovy:75)
	at com.kms.katalon.core.keyword.internal.KeywordMain.runKeyword(KeywordMain.groovy:69)
	at com.kms.katalon.core.keyword.internal.KeywordMain$runKeyword.call(Unknown Source)
	at com.kms.katalon.core.cucumber.keyword.CucumberBuiltinKeywords.runFeatureFile(CucumberBuiltinKeywords.groovy:77)
	at com.kms.katalon.core.cucumber.keyword.CucumberBuiltinKeywords$runFeatureFile.callStatic(Unknown Source)
	at com.kms.katalon.core.cucumber.keyword.CucumberBuiltinKeywords.runFeatureFile(CucumberBuiltinKeywords.groovy:256)
	at BDD.run(BDD:22)
	at com.kms.katalon.core.main.ScriptEngine.run(ScriptEngine.java:194)
	at com.kms.katalon.core.main.ScriptEngine.runScriptAsRawText(ScriptEngine.java:119)
	at com.kms.katalon.core.main.TestCaseExecutor.runScript(TestCaseExecutor.java:448)
	at com.kms.katalon.core.main.TestCaseExecutor.doExecute(TestCaseExecutor.java:439)
	at com.kms.katalon.core.main.TestCaseExecutor.processExecutionPhase(TestCaseExecutor.java:418)
	at com.kms.katalon.core.main.TestCaseExecutor.accessMainPhase(TestCaseExecutor.java:410)
	at com.kms.katalon.core.main.TestCaseExecutor.execute(TestCaseExecutor.java:285)
	at com.kms.katalon.core.common.CommonExecutor.accessTestCaseMainPhase(CommonExecutor.java:65)
	at com.kms.katalon.core.main.TestSuiteExecutor.accessTestSuiteMainPhase(TestSuiteExecutor.java:150)
	at com.kms.katalon.core.main.TestSuiteExecutor.execute(TestSuiteExecutor.java:106)
	at com.kms.katalon.core.main.TestCaseMain.startTestSuite(TestCaseMain.java:180)
	at TempTestSuite1729705557257.run(TempTestSuite1729705557257.groovy:35)
	at java.base/jdk.internal.reflect.NativeMethodAccessorImpl.invoke0(Native Method)
	at java.base/jdk.internal.reflect.NativeMethodAccessorImpl.invoke(NativeMethodAccessorImpl.java:77)
	at java.base/jdk.internal.reflect.DelegatingMethodAccessorImpl.invoke(DelegatingMethodAccessorImpl.java:43)
)]]></system-out>
         <system-err><![CDATA[23-10-2024T23:17:34 - [TEST_CASE][FAILED] - Test Cases/BDD: Test Cases/BDD FAILED.
Reason:
com.kms.katalon.core.exception.StepFailedException: Keyword runFeatureFile was failed (Root cause: java.lang.SecurityException: class "module-info"'s signer information does not match signer information of other classes in the same package
	at cucumber.runtime.io.ResourceLoaderClassFinder.loadClass(ResourceLoaderClassFinder.java:42)
	at cucumber.runtime.io.ResourceLoaderClassFinder.getDescendants(ResourceLoaderClassFinder.java:32)
	at cucumber.runtime.Reflections.instantiateSubclasses(Reflections.java:33)
	at cucumber.runtime.Reflections.instantiateExactlyOneSubclass(Reflections.java:17)
	at cucumber.runtime.Runtime.loadBackends(Runtime.java:86)
	at cucumber.runtime.Runtime.<init>(Runtime.java:42)
	at cucumber.api.cli.Main.run(Main.java:34)
	at cucumber.api.cli.Main$run.call(Unknown Source)
	at com.kms.katalon.core.cucumber.keyword.CucumberBuiltinKeywords$_runFeatureFile_closure1.doCall(CucumberBuiltinKeywords.groovy:110)
	at com.kms.katalon.core.cucumber.keyword.CucumberBuiltinKeywords$_runFeatureFile_closure1.doCall(CucumberBuiltinKeywords.groovy)
	at java.base/jdk.internal.reflect.NativeMethodAccessorImpl.invoke0(Native Method)
	at java.base/jdk.internal.reflect.NativeMethodAccessorImpl.invoke(NativeMethodAccessorImpl.java:77)
	at java.base/jdk.internal.reflect.DelegatingMethodAccessorImpl.invoke(DelegatingMethodAccessorImpl.java:43)
	at com.kms.katalon.core.keyword.internal.KeywordMain.runKeyword(KeywordMain.groovy:75)
	at com.kms.katalon.core.keyword.internal.KeywordMain.runKeyword(KeywordMain.groovy:69)
	at com.kms.katalon.core.keyword.internal.KeywordMain$runKeyword.call(Unknown Source)
	at com.kms.katalon.core.cucumber.keyword.CucumberBuiltinKeywords.runFeatureFile(CucumberBuiltinKeywords.groovy:77)
	at com.kms.katalon.core.cucumber.keyword.CucumberBuiltinKeywords$runFeatureFile.callStatic(Unknown Source)
	at com.kms.katalon.core.cucumber.keyword.CucumberBuiltinKeywords.runFeatureFile(CucumberBuiltinKeywords.groovy:256)
	at BDD.run(BDD:22)
	at com.kms.katalon.core.main.ScriptEngine.run(ScriptEngine.java:194)
	at com.kms.katalon.core.main.ScriptEngine.runScriptAsRawText(ScriptEngine.java:119)
	at com.kms.katalon.core.main.TestCaseExecutor.runScript(TestCaseExecutor.java:448)
	at com.kms.katalon.core.main.TestCaseExecutor.doExecute(TestCaseExecutor.java:439)
	at com.kms.katalon.core.main.TestCaseExecutor.processExecutionPhase(TestCaseExecutor.java:418)
	at com.kms.katalon.core.main.TestCaseExecutor.accessMainPhase(TestCaseExecutor.java:410)
	at com.kms.katalon.core.main.TestCaseExecutor.execute(TestCaseExecutor.java:285)
	at com.kms.katalon.core.common.CommonExecutor.accessTestCaseMainPhase(CommonExecutor.java:65)
	at com.kms.katalon.core.main.TestSuiteExecutor.accessTestSuiteMainPhase(TestSuiteExecutor.java:150)
	at com.kms.katalon.core.main.TestSuiteExecutor.execute(TestSuiteExecutor.java:106)
	at com.kms.katalon.core.main.TestCaseMain.startTestSuite(TestCaseMain.java:180)
	at TempTestSuite1729705557257.run(TempTestSuite1729705557257.groovy:35)
	at java.base/jdk.internal.reflect.NativeMethodAccessorImpl.invoke0(Native Method)
	at java.base/jdk.internal.reflect.NativeMethodAccessorImpl.invoke(NativeMethodAccessorImpl.java:77)
	at java.base/jdk.internal.reflect.DelegatingMethodAccessorImpl.invoke(DelegatingMethodAccessorImpl.java:43)
)
	at com.kms.katalon.core.keyword.internal.KeywordMain.stepFailed(KeywordMain.groovy:51)
	at com.kms.katalon.core.keyword.internal.KeywordMain.stepFailed(KeywordMain.groovy)
	at com.kms.katalon.core.keyword.internal.KeywordMain.runKeyword(KeywordMain.groovy:77)
	at com.kms.katalon.core.keyword.internal.KeywordMain.runKeyword(KeywordMain.groovy:69)
	at com.kms.katalon.core.keyword.internal.KeywordMain$runKeyword.call(Unknown Source)
	at com.kms.katalon.core.cucumber.keyword.CucumberBuiltinKeywords.runFeatureFile(CucumberBuiltinKeywords.groovy:77)
	at com.kms.katalon.core.cucumber.keyword.CucumberBuiltinKeywords$runFeatureFile.callStatic(Unknown Source)
	at com.kms.katalon.core.cucumber.keyword.CucumberBuiltinKeywords.runFeatureFile(CucumberBuiltinKeywords.groovy:256)
	at BDD.run(BDD:22)
	at com.kms.katalon.core.main.ScriptEngine.run(ScriptEngine.java:194)
	at com.kms.katalon.core.main.ScriptEngine.runScriptAsRawText(ScriptEngine.java:119)
	at com.kms.katalon.core.main.TestCaseExecutor.runScript(TestCaseExecutor.java:448)
	at com.kms.katalon.core.main.TestCaseExecutor.doExecute(TestCaseExecutor.java:439)
	at com.kms.katalon.core.main.TestCaseExecutor.processExecutionPhase(TestCaseExecutor.java:418)
	at com.kms.katalon.core.main.TestCaseExecutor.accessMainPhase(TestCaseExecutor.java:410)
	at com.kms.katalon.core.main.TestCaseExecutor.execute(TestCaseExecutor.java:285)
	at com.kms.katalon.core.common.CommonExecutor.accessTestCaseMainPhase(CommonExecutor.java:65)
	at com.kms.katalon.core.main.TestSuiteExecutor.accessTestSuiteMainPhase(TestSuiteExecutor.java:150)
	at com.kms.katalon.core.main.TestSuiteExecutor.execute(TestSuiteExecutor.java:106)
	at com.kms.katalon.core.main.TestCaseMain.startTestSuite(TestCaseMain.java:180)
	at TempTestSuite1729705557257.run(TempTestSuite1729705557257.groovy:35)
	at java.base/jdk.internal.reflect.NativeMethodAccessorImpl.invoke0(Native Method)
	at java.base/jdk.internal.reflect.NativeMethodAccessorImpl.invoke(NativeMethodAccessorImpl.java:77)
	at java.base/jdk.internal.reflect.DelegatingMethodAccessorImpl.invoke(DelegatingMethodAccessorImpl.java:43)
Caused by: java.lang.SecurityException: class "module-info"'s signer information does not match signer information of other classes in the same package
	at cucumber.runtime.io.ResourceLoaderClassFinder.loadClass(ResourceLoaderClassFinder.java:42)
	at cucumber.runtime.io.ResourceLoaderClassFinder.getDescendants(ResourceLoaderClassFinder.java:32)
	at cucumber.runtime.Reflections.instantiateSubclasses(Reflections.java:33)
	at cucumber.runtime.Reflections.instantiateExactlyOneSubclass(Reflections.java:17)
	at cucumber.runtime.Runtime.loadBackends(Runtime.java:86)
	at cucumber.runtime.Runtime.<init>(Runtime.java:42)
	at cucumber.api.cli.Main.run(Main.java:34)
	at cucumber.api.cli.Main$run.call(Unknown Source)
	at com.kms.katalon.core.cucumber.keyword.CucumberBuiltinKeywords$_runFeatureFile_closure1.doCall(CucumberBuiltinKeywords.groovy:110)
	at com.kms.katalon.core.cucumber.keyword.CucumberBuiltinKeywords$_runFeatureFile_closure1.doCall(CucumberBuiltinKeywords.groovy)
	at java.base/jdk.internal.reflect.NativeMethodAccessorImpl.invoke0(Native Method)
	at java.base/jdk.internal.reflect.NativeMethodAccessorImpl.invoke(NativeMethodAccessorImpl.java:77)
	at java.base/jdk.internal.reflect.DelegatingMethodAccessorImpl.invoke(DelegatingMethodAccessorImpl.java:43)
	at com.kms.katalon.core.keyword.internal.KeywordMain.runKeyword(KeywordMain.groovy:75)
	... 21 more]]></system-err>
      </testcase>
      <system-out><![CDATA[23-10-2024T23:16:02 - [TEST_SUITE][FAILED] - Testsuite1: Test Cases/BDD FAILED.
Reason:
com.kms.katalon.core.exception.StepFailedException: Keyword runFeatureFile was failed (Root cause: java.lang.SecurityException: class "module-info"'s signer information does not match signer information of other classes in the same package
	at cucumber.runtime.io.ResourceLoaderClassFinder.loadClass(ResourceLoaderClassFinder.java:42)
	at cucumber.runtime.io.ResourceLoaderClassFinder.getDescendants(ResourceLoaderClassFinder.java:32)
	at cucumber.runtime.Reflections.instantiateSubclasses(Reflections.java:33)
	at cucumber.runtime.Reflections.instantiateExactlyOneSubclass(Reflections.java:17)
	at cucumber.runtime.Runtime.loadBackends(Runtime.java:86)
	at cucumber.runtime.Runtime.<init>(Runtime.java:42)
	at cucumber.api.cli.Main.run(Main.java:34)
	at cucumber.api.cli.Main$run.call(Unknown Source)
	at com.kms.katalon.core.cucumber.keyword.CucumberBuiltinKeywords$_runFeatureFile_closure1.doCall(CucumberBuiltinKeywords.groovy:110)
	at com.kms.katalon.core.cucumber.keyword.CucumberBuiltinKeywords$_runFeatureFile_closure1.doCall(CucumberBuiltinKeywords.groovy)
	at java.base/jdk.internal.reflect.NativeMethodAccessorImpl.invoke0(Native Method)
	at java.base/jdk.internal.reflect.NativeMethodAccessorImpl.invoke(NativeMethodAccessorImpl.java:77)
	at java.base/jdk.internal.reflect.DelegatingMethodAccessorImpl.invoke(DelegatingMethodAccessorImpl.java:43)
	at com.kms.katalon.core.keyword.internal.KeywordMain.runKeyword(KeywordMain.groovy:75)
	at com.kms.katalon.core.keyword.internal.KeywordMain.runKeyword(KeywordMain.groovy:69)
	at com.kms.katalon.core.keyword.internal.KeywordMain$runKeyword.call(Unknown Source)
	at com.kms.katalon.core.cucumber.keyword.CucumberBuiltinKeywords.runFeatureFile(CucumberBuiltinKeywords.groovy:77)
	at com.kms.katalon.core.cucumber.keyword.CucumberBuiltinKeywords$runFeatureFile.callStatic(Unknown Source)
	at com.kms.katalon.core.cucumber.keyword.CucumberBuiltinKeywords.runFeatureFile(CucumberBuiltinKeywords.groovy:256)
	at BDD.run(BDD:22)
	at com.kms.katalon.core.main.ScriptEngine.run(ScriptEngine.java:194)
	at com.kms.katalon.core.main.ScriptEngine.runScriptAsRawText(ScriptEngine.java:119)
	at com.kms.katalon.core.main.TestCaseExecutor.runScript(TestCaseExecutor.java:448)
	at com.kms.katalon.core.main.TestCaseExecutor.doExecute(TestCaseExecutor.java:439)
	at com.kms.katalon.core.main.TestCaseExecutor.processExecutionPhase(TestCaseExecutor.java:418)
	at com.kms.katalon.core.main.TestCaseExecutor.accessMainPhase(TestCaseExecutor.java:410)
	at com.kms.katalon.core.main.TestCaseExecutor.execute(TestCaseExecutor.java:285)
	at com.kms.katalon.core.common.CommonExecutor.accessTestCaseMainPhase(CommonExecutor.java:65)
	at com.kms.katalon.core.main.TestSuiteExecutor.accessTestSuiteMainPhase(TestSuiteExecutor.java:150)
	at com.kms.katalon.core.main.TestSuiteExecutor.execute(TestSuiteExecutor.java:106)
	at com.kms.katalon.core.main.TestCaseMain.startTestSuite(TestCaseMain.java:180)
	at TempTestSuite1729705557257.run(TempTestSuite1729705557257.groovy:35)
	at java.base/jdk.internal.reflect.NativeMethodAccessorImpl.invoke0(Native Method)
	at java.base/jdk.internal.reflect.NativeMethodAccessorImpl.invoke(NativeMethodAccessorImpl.java:77)
	at java.base/jdk.internal.reflect.DelegatingMethodAccessorImpl.invoke(DelegatingMethodAccessorImpl.java:43)
)
	at com.kms.katalon.core.keyword.internal.KeywordMain.stepFailed(KeywordMain.groovy:51)
	at com.kms.katalon.core.keyword.internal.KeywordMain.stepFailed(KeywordMain.groovy)
	at com.kms.katalon.core.keyword.internal.KeywordMain.runKeyword(KeywordMain.groovy:77)
	at com.kms.katalon.core.keyword.internal.KeywordMain.runKeyword(KeywordMain.groovy:69)
	at com.kms.katalon.core.keyword.internal.KeywordMain$runKeyword.call(Unknown Source)
	at com.kms.katalon.core.cucumber.keyword.CucumberBuiltinKeywords.runFeatureFile(CucumberBuiltinKeywords.groovy:77)
	at com.kms.katalon.core.cucumber.keyword.CucumberBuiltinKeywords$runFeatureFile.callStatic(Unknown Source)
	at com.kms.katalon.core.cucumber.keyword.CucumberBuiltinKeywords.runFeatureFile(CucumberBuiltinKeywords.groovy:256)
	at BDD.run(BDD:22)
	at com.kms.katalon.core.main.ScriptEngine.run(ScriptEngine.java:194)
	at com.kms.katalon.core.main.ScriptEngine.runScriptAsRawText(ScriptEngine.java:119)
	at com.kms.katalon.core.main.TestCaseExecutor.runScript(TestCaseExecutor.java:448)
	at com.kms.katalon.core.main.TestCaseExecutor.doExecute(TestCaseExecutor.java:439)
	at com.kms.katalon.core.main.TestCaseExecutor.processExecutionPhase(TestCaseExecutor.java:418)
	at com.kms.katalon.core.main.TestCaseExecutor.accessMainPhase(TestCaseExecutor.java:410)
	at com.kms.katalon.core.main.TestCaseExecutor.execute(TestCaseExecutor.java:285)
	at com.kms.katalon.core.common.CommonExecutor.accessTestCaseMainPhase(CommonExecutor.java:65)
	at com.kms.katalon.core.main.TestSuiteExecutor.accessTestSuiteMainPhase(TestSuiteExecutor.java:150)
	at com.kms.katalon.core.main.TestSuiteExecutor.execute(TestSuiteExecutor.java:106)
	at com.kms.katalon.core.main.TestCaseMain.startTestSuite(TestCaseMain.java:180)
	at TempTestSuite1729705557257.run(TempTestSuite1729705557257.groovy:35)
	at java.base/jdk.internal.reflect.NativeMethodAccessorImpl.invoke0(Native Method)
	at java.base/jdk.internal.reflect.NativeMethodAccessorImpl.invoke(NativeMethodAccessorImpl.java:77)
	at java.base/jdk.internal.reflect.DelegatingMethodAccessorImpl.invoke(DelegatingMethodAccessorImpl.java:43)
Caused by: java.lang.SecurityException: class "module-info"'s signer information does not match signer information of other classes in the same package
	at cucumber.runtime.io.ResourceLoaderClassFinder.loadClass(ResourceLoaderClassFinder.java:42)
	at cucumber.runtime.io.ResourceLoaderClassFinder.getDescendants(ResourceLoaderClassFinder.java:32)
	at cucumber.runtime.Reflections.instantiateSubclasses(Reflections.java:33)
	at cucumber.runtime.Reflections.instantiateExactlyOneSubclass(Reflections.java:17)
	at cucumber.runtime.Runtime.loadBackends(Runtime.java:86)
	at cucumber.runtime.Runtime.<init>(Runtime.java:42)
	at cucumber.api.cli.Main.run(Main.java:34)
	at cucumber.api.cli.Main$run.call(Unknown Source)
	at com.kms.katalon.core.cucumber.keyword.CucumberBuiltinKeywords$_runFeatureFile_closure1.doCall(CucumberBuiltinKeywords.groovy:110)
	at com.kms.katalon.core.cucumber.keyword.CucumberBuiltinKeywords$_runFeatureFile_closure1.doCall(CucumberBuiltinKeywords.groovy)
	at java.base/jdk.internal.reflect.NativeMethodAccessorImpl.invoke0(Native Method)
	at java.base/jdk.internal.reflect.NativeMethodAccessorImpl.invoke(NativeMethodAccessorImpl.java:77)
	at java.base/jdk.internal.reflect.DelegatingMethodAccessorImpl.invoke(DelegatingMethodAccessorImpl.java:43)
	at com.kms.katalon.core.keyword.internal.KeywordMain.runKeyword(KeywordMain.groovy:75)
	... 21 more]]></system-out>
      <system-err><![CDATA[23-10-2024T23:16:02 - [TEST_SUITE][FAILED] - Testsuite1: Test Cases/BDD FAILED.
Reason:
com.kms.katalon.core.exception.StepFailedException: Keyword runFeatureFile was failed (Root cause: java.lang.SecurityException: class "module-info"'s signer information does not match signer information of other classes in the same package
	at cucumber.runtime.io.ResourceLoaderClassFinder.loadClass(ResourceLoaderClassFinder.java:42)
	at cucumber.runtime.io.ResourceLoaderClassFinder.getDescendants(ResourceLoaderClassFinder.java:32)
	at cucumber.runtime.Reflections.instantiateSubclasses(Reflections.java:33)
	at cucumber.runtime.Reflections.instantiateExactlyOneSubclass(Reflections.java:17)
	at cucumber.runtime.Runtime.loadBackends(Runtime.java:86)
	at cucumber.runtime.Runtime.<init>(Runtime.java:42)
	at cucumber.api.cli.Main.run(Main.java:34)
	at cucumber.api.cli.Main$run.call(Unknown Source)
	at com.kms.katalon.core.cucumber.keyword.CucumberBuiltinKeywords$_runFeatureFile_closure1.doCall(CucumberBuiltinKeywords.groovy:110)
	at com.kms.katalon.core.cucumber.keyword.CucumberBuiltinKeywords$_runFeatureFile_closure1.doCall(CucumberBuiltinKeywords.groovy)
	at java.base/jdk.internal.reflect.NativeMethodAccessorImpl.invoke0(Native Method)
	at java.base/jdk.internal.reflect.NativeMethodAccessorImpl.invoke(NativeMethodAccessorImpl.java:77)
	at java.base/jdk.internal.reflect.DelegatingMethodAccessorImpl.invoke(DelegatingMethodAccessorImpl.java:43)
	at com.kms.katalon.core.keyword.internal.KeywordMain.runKeyword(KeywordMain.groovy:75)
	at com.kms.katalon.core.keyword.internal.KeywordMain.runKeyword(KeywordMain.groovy:69)
	at com.kms.katalon.core.keyword.internal.KeywordMain$runKeyword.call(Unknown Source)
	at com.kms.katalon.core.cucumber.keyword.CucumberBuiltinKeywords.runFeatureFile(CucumberBuiltinKeywords.groovy:77)
	at com.kms.katalon.core.cucumber.keyword.CucumberBuiltinKeywords$runFeatureFile.callStatic(Unknown Source)
	at com.kms.katalon.core.cucumber.keyword.CucumberBuiltinKeywords.runFeatureFile(CucumberBuiltinKeywords.groovy:256)
	at BDD.run(BDD:22)
	at com.kms.katalon.core.main.ScriptEngine.run(ScriptEngine.java:194)
	at com.kms.katalon.core.main.ScriptEngine.runScriptAsRawText(ScriptEngine.java:119)
	at com.kms.katalon.core.main.TestCaseExecutor.runScript(TestCaseExecutor.java:448)
	at com.kms.katalon.core.main.TestCaseExecutor.doExecute(TestCaseExecutor.java:439)
	at com.kms.katalon.core.main.TestCaseExecutor.processExecutionPhase(TestCaseExecutor.java:418)
	at com.kms.katalon.core.main.TestCaseExecutor.accessMainPhase(TestCaseExecutor.java:410)
	at com.kms.katalon.core.main.TestCaseExecutor.execute(TestCaseExecutor.java:285)
	at com.kms.katalon.core.common.CommonExecutor.accessTestCaseMainPhase(CommonExecutor.java:65)
	at com.kms.katalon.core.main.TestSuiteExecutor.accessTestSuiteMainPhase(TestSuiteExecutor.java:150)
	at com.kms.katalon.core.main.TestSuiteExecutor.execute(TestSuiteExecutor.java:106)
	at com.kms.katalon.core.main.TestCaseMain.startTestSuite(TestCaseMain.java:180)
	at TempTestSuite1729705557257.run(TempTestSuite1729705557257.groovy:35)
	at java.base/jdk.internal.reflect.NativeMethodAccessorImpl.invoke0(Native Method)
	at java.base/jdk.internal.reflect.NativeMethodAccessorImpl.invoke(NativeMethodAccessorImpl.java:77)
	at java.base/jdk.internal.reflect.DelegatingMethodAccessorImpl.invoke(DelegatingMethodAccessorImpl.java:43)
)
	at com.kms.katalon.core.keyword.internal.KeywordMain.stepFailed(KeywordMain.groovy:51)
	at com.kms.katalon.core.keyword.internal.KeywordMain.stepFailed(KeywordMain.groovy)
	at com.kms.katalon.core.keyword.internal.KeywordMain.runKeyword(KeywordMain.groovy:77)
	at com.kms.katalon.core.keyword.internal.KeywordMain.runKeyword(KeywordMain.groovy:69)
	at com.kms.katalon.core.keyword.internal.KeywordMain$runKeyword.call(Unknown Source)
	at com.kms.katalon.core.cucumber.keyword.CucumberBuiltinKeywords.runFeatureFile(CucumberBuiltinKeywords.groovy:77)
	at com.kms.katalon.core.cucumber.keyword.CucumberBuiltinKeywords$runFeatureFile.callStatic(Unknown Source)
	at com.kms.katalon.core.cucumber.keyword.CucumberBuiltinKeywords.runFeatureFile(CucumberBuiltinKeywords.groovy:256)
	at BDD.run(BDD:22)
	at com.kms.katalon.core.main.ScriptEngine.run(ScriptEngine.java:194)
	at com.kms.katalon.core.main.ScriptEngine.runScriptAsRawText(ScriptEngine.java:119)
	at com.kms.katalon.core.main.TestCaseExecutor.runScript(TestCaseExecutor.java:448)
	at com.kms.katalon.core.main.TestCaseExecutor.doExecute(TestCaseExecutor.java:439)
	at com.kms.katalon.core.main.TestCaseExecutor.processExecutionPhase(TestCaseExecutor.java:418)
	at com.kms.katalon.core.main.TestCaseExecutor.accessMainPhase(TestCaseExecutor.java:410)
	at com.kms.katalon.core.main.TestCaseExecutor.execute(TestCaseExecutor.java:285)
	at com.kms.katalon.core.common.CommonExecutor.accessTestCaseMainPhase(CommonExecutor.java:65)
	at com.kms.katalon.core.main.TestSuiteExecutor.accessTestSuiteMainPhase(TestSuiteExecutor.java:150)
	at com.kms.katalon.core.main.TestSuiteExecutor.execute(TestSuiteExecutor.java:106)
	at com.kms.katalon.core.main.TestCaseMain.startTestSuite(TestCaseMain.java:180)
	at TempTestSuite1729705557257.run(TempTestSuite1729705557257.groovy:35)
	at java.base/jdk.internal.reflect.NativeMethodAccessorImpl.invoke0(Native Method)
	at java.base/jdk.internal.reflect.NativeMethodAccessorImpl.invoke(NativeMethodAccessorImpl.java:77)
	at java.base/jdk.internal.reflect.DelegatingMethodAccessorImpl.invoke(DelegatingMethodAccessorImpl.java:43)
Caused by: java.lang.SecurityException: class "module-info"'s signer information does not match signer information of other classes in the same package
	at cucumber.runtime.io.ResourceLoaderClassFinder.loadClass(ResourceLoaderClassFinder.java:42)
	at cucumber.runtime.io.ResourceLoaderClassFinder.getDescendants(ResourceLoaderClassFinder.java:32)
	at cucumber.runtime.Reflections.instantiateSubclasses(Reflections.java:33)
	at cucumber.runtime.Reflections.instantiateExactlyOneSubclass(Reflections.java:17)
	at cucumber.runtime.Runtime.loadBackends(Runtime.java:86)
	at cucumber.runtime.Runtime.<init>(Runtime.java:42)
	at cucumber.api.cli.Main.run(Main.java:34)
	at cucumber.api.cli.Main$run.call(Unknown Source)
	at com.kms.katalon.core.cucumber.keyword.CucumberBuiltinKeywords$_runFeatureFile_closure1.doCall(CucumberBuiltinKeywords.groovy:110)
	at com.kms.katalon.core.cucumber.keyword.CucumberBuiltinKeywords$_runFeatureFile_closure1.doCall(CucumberBuiltinKeywords.groovy)
	at java.base/jdk.internal.reflect.NativeMethodAccessorImpl.invoke0(Native Method)
	at java.base/jdk.internal.reflect.NativeMethodAccessorImpl.invoke(NativeMethodAccessorImpl.java:77)
	at java.base/jdk.internal.reflect.DelegatingMethodAccessorImpl.invoke(DelegatingMethodAccessorImpl.java:43)
	at com.kms.katalon.core.keyword.internal.KeywordMain.runKeyword(KeywordMain.groovy:75)
	... 21 more]]></system-err>
   </testsuite>
</testsuites>
